<?xml version="1.0" encoding="UTF-8"?>
<beans xmlns="http://www.springframework.org/schema/beans"
	xmlns:xsi="http://www.w3.org/2001/XMLSchema-instance" xmlns:tx="http://www.springframework.org/schema/tx"
	xmlns:jee="http://www.springframework.org/schema/jee" xmlns:jms="http://www.springframework.org/schema/jms"
	xmlns:util="http://www.springframework.org/schema/util" xmlns:context="http://www.springframework.org/schema/context"
	xsi:schemaLocation="http://www.springframework.org/schema/beans 
	http://www.springframework.org/schema/beans/spring-beans-3.0.xsd 
	http://www.springframework.org/schema/tx 
	http://www.springframework.org/schema/tx/spring-tx.xsd 
	http://www.springframework.org/schema/jee
	http://www.springframework.org/schema/jee/spring-jee-3.0.xsd
	http://www.springframework.org/schema/jms 
    http://www.springframework.org/schema/jms/spring-jms-3.0.xsd
    http://www.springframework.org/schema/util 
	http://www.springframework.org/schema/util/spring-util-3.0.xsd
	http://www.springframework.org/schema/context
    http://www.springframework.org/schema/context/spring-context-3.0.xsd">

	<bean id="kanbanConfiguration"
		class="org.springframework.beans.factory.config.PropertiesFactoryBean">
		<property name="location" value="file:///etc/kanban.conf" />
	</bean>
	
	<tx:annotation-driven />
	
	<context:property-placeholder properties-ref="kanbanConfiguration"/>
	
	<bean id="variableInterpreter" class="nz.net.orcon.kanban.automation.VariableInterpreter"/>
	
	<bean id="listTools" class="nz.net.orcon.kanban.tools.ListTools" >
		<property name="dateInterpreter" ref="dateInterpreter" />
	</bean>
	 
	<bean id="dateInterpreter" class="nz.net.orcon.kanban.tools.DateInterpreter" >
		<property name="complexDateConverters">
			<list>
				<bean class="nz.net.orcon.kanban.tools.PlusDateConverter" />
				<bean class="nz.net.orcon.kanban.tools.SubtractDateConverter" />
				<bean class="nz.net.orcon.kanban.tools.NowDateConverter" />
			</list>
		</property>
	</bean> 

	<bean id="emailSenderAction" class="nz.net.orcon.kanban.automation.actions.EmailSenderAction" />
	
	<bean id="emailReceiverAction" class="nz.net.orcon.kanban.automation.actions.EmailReceiverAction" />
	
</beans>
