<?xml version="1.0" encoding="UTF-8"?>
<beans xmlns="http://www.springframework.org/schema/beans"
	xmlns:xsi="http://www.w3.org/2001/XMLSchema-instance" 
	xmlns:mvc="http://www.springframework.org/schema/mvc"
	xmlns:context="http://www.springframework.org/schema/context" 
	xmlns:tx="http://www.springframework.org/schema/tx"
	xsi:schemaLocation="http://www.springframework.org/schema/beans http://www.springframework.org/schema/beans/spring-beans-3.0.xsd
		http://www.springframework.org/schema/mvc http://www.springframework.org/schema/mvc/spring-mvc-3.0.xsd	
		http://www.springframework.org/schema/context http://www.springframework.org/schema/context/spring-context-3.0.xsd
		http://www.springframework.org/schema/tx http://www.springframework.org/schema/tx/spring-tx.xsd">

	<!-- Scans within the base package of the application for @Components to 
		configure as beans -->
		
	<bean id="kanbanConfiguration"
		class="org.springframework.beans.factory.config.PropertiesFactoryBean">
		<property name="location" value="file:///etc/kanban.conf" />
	</bean>
	
	<context:property-placeholder properties-ref="kanbanConfiguration"/>
	
	<import resource="test-event-config.xml" />
	<import resource="test-repository.xml" />
				
	<context:component-scan base-package="nz.net.orcon.kanban.controllers" />

	<tx:annotation-driven />
		
	<bean id="springSecurityFilterChain" class="java.lang.Object"/>
		
	<bean id="validator" class="org.springframework.validation.beanvalidation.LocalValidatorFactoryBean" />
		
	<bean id="messageFactory" class="org.springframework.ws.soap.saaj.SaajSoapMessageFactory" />
	
	<bean id="securityTool" class="nz.net.orcon.kanban.security.MockSecurityTool"/>
	
	<bean id="clusterManager" class="nz.net.orcon.kanban.automation.MockClusterManager"/>
	
	<bean id="jcrObserver" class="nz.net.orcon.kanban.automation.JcrObserver"/>
	
	<bean id="testBoardTool" class="nz.net.orcon.kanban.controllers.TestBoardTool"/>
	
	<bean id="listTools" class="nz.net.orcon.kanban.tools.ListTools" >
		<property name="dateInterpreter" ref="dateInterpreter" />
	</bean>
	
	<bean id="dateInterpreter" class="nz.net.orcon.kanban.tools.DateInterpreter" >
		<property name="complexDateConverters">
			<list>
				<bean class="nz.net.orcon.kanban.tools.PlusDateConverter" />
				<bean class="nz.net.orcon.kanban.tools.SubtractDateConverter" />
				<bean class="nz.net.orcon.kanban.tools.NowDateConverter" />
			</list>
		</property>
	</bean> 
	
	<bean id="cacheManager" class="nz.net.orcon.kanban.automation.MockCacheManager"/>
	
	<bean id="cardsLockCache" class="nz.net.orcon.kanban.controllers.MockCardLockCache"/>
	
	<bean id="cardTools" class="nz.net.orcon.kanban.tools.CardToolsImpl" />
	
	<bean id="xstreamMarshaller" class="org.springframework.oxm.xstream.XStreamMarshaller">
        <property name="aliases">
            <props>
            </props>
        </property>
    </bean>	
	
</beans>
